This is pdfTeX, Version 3.14159265-2.6-1.40.19 (MiKTeX 2.9.6630 64-bit) (preloaded format=latex 2018.5.24)  7 JUL 2020 14:41
entering extended mode
**\makeatletter\def\HCode{\futurelet\HCode\HChar}\def\HChar{\ifx\HCode\def\HCod
e##1{\Link##1}\expandafter\HCode\else\expandafter\Link\fi}\def\Link#1.a.b.c.{\g
@addto@macro\@documentclasshook{\RequirePackage[#1,html]{tex4ht}}\let\HCode\doc
umentstyle\def\documentstyle{\let\documentstyle\HCode\expandafter\def\csname te
x4ht\endcsname{#1,html}\def\HCode####1{\documentstyle[tex4ht,}\@ifnextchar[{\HC
ode}{\documentstyle[tex4ht]}}}\makeatother\HCode mike.cfg, charset=utf-8.a.b.c.
\input  stuff.tex
(stuff.tex ("C:\Program Files\MiKTeX 2.9\tex\latex\base\article.cls"
Document Class: article 2014/09/29 v1.4h Standard LaTeX document class
("C:\Program Files\MiKTeX 2.9\tex\latex\base\size10.clo"
File: size10.clo 2014/09/29 v1.4h Standard LaTeX file (size option)
)
\c@part=\count79
\c@section=\count80
\c@subsection=\count81
\c@subsubsection=\count82
\c@paragraph=\count83
\c@subparagraph=\count84
\c@figure=\count85
\c@table=\count86
\abovecaptionskip=\skip41
\belowcaptionskip=\skip42
\bibindent=\dimen102
)
("C:\Program Files\MiKTeX 2.9\tex\generic\tex4ht\tex4ht.sty"
version 2016-07-18-16:08
Package: tex4ht 
--------------------------------------
--- Note --- for _ at preamble, use the command line option `early_'
--------------------------------------
--------------------------------------
--- Note --- for ^ at preamble, use the command line option `early^'
--------------------------------------
\tmp:toks=\toks14
)
("C:\Program Files\MiKTeX 2.9\tex\generic\tex4ht\usepackage.4ht")
("C:\Program Files\MiKTeX 2.9\tex\latex\base\fontenc.sty"
Package: fontenc 2017/04/05 v2.0i Standard LaTeX package

("C:\Program Files\MiKTeX 2.9\tex\latex\base\t1enc.def"
File: t1enc.def 2017/04/05 v2.0i Standard LaTeX file
LaTeX Font Info:    Redeclaring font encoding T1 on input line 48.
))
("C:\Program Files\MiKTeX 2.9\tex\latex\base\inputenc.sty"
Package: inputenc 2015/03/17 v1.2c Input encoding file
\inpenc@prehook=\toks15
\inpenc@posthook=\toks16

("C:\Program Files\MiKTeX 2.9\tex\latex\base\latin9.def"
File: latin9.def 2015/03/17 v1.2c Input encoding file
))
("C:\Program Files\MiKTeX 2.9\tex\latex\amsmath\amsmath.sty"
Package: amsmath 2017/09/02 v2.17a AMS math features
\@mathmargin=\skip43

For additional information on amsmath, use the `?' option.
("C:\Program Files\MiKTeX 2.9\tex\latex\amsmath\amstext.sty"
Package: amstext 2000/06/29 v2.01 AMS text

("C:\Program Files\MiKTeX 2.9\tex\latex\amsmath\amsgen.sty"
File: amsgen.sty 1999/11/30 v2.0 generic functions
\@emptytoks=\toks17
\ex@=\dimen103
))
("C:\Program Files\MiKTeX 2.9\tex\latex\amsmath\amsbsy.sty"
Package: amsbsy 1999/11/29 v1.2d Bold Symbols
\pmbraise@=\dimen104
)
("C:\Program Files\MiKTeX 2.9\tex\latex\amsmath\amsopn.sty"
Package: amsopn 2016/03/08 v2.02 operator names
)
\inf@bad=\count87
LaTeX Info: Redefining \frac on input line 213.
\uproot@=\count88
\leftroot@=\count89
LaTeX Info: Redefining \overline on input line 375.
\classnum@=\count90
\DOTSCASE@=\count91
LaTeX Info: Redefining \ldots on input line 472.
LaTeX Info: Redefining \dots on input line 475.
LaTeX Info: Redefining \cdots on input line 596.
\Mathstrutbox@=\box26
\strutbox@=\box27
\big@size=\dimen105
LaTeX Font Info:    Redeclaring font encoding OML on input line 712.
LaTeX Font Info:    Redeclaring font encoding OMS on input line 713.
\macc@depth=\count92
\c@MaxMatrixCols=\count93
\dotsspace@=\muskip10
\c@parentequation=\count94
\dspbrk@lvl=\count95
\tag@help=\toks18
\row@=\count96
\column@=\count97
\maxfields@=\count98
\andhelp@=\toks19
\eqnshift@=\dimen106
\alignsep@=\dimen107
\tagshift@=\dimen108
\tagwidth@=\dimen109
\totwidth@=\dimen110
\lineht@=\dimen111
\@envbody=\toks20
\multlinegap=\skip44
\multlinetaggap=\skip45
\mathdisplay@stack=\toks21
LaTeX Info: Redefining \[ on input line 2817.
LaTeX Info: Redefining \] on input line 2818.
)
("C:\Program Files\MiKTeX 2.9\tex\generic\babel\babel.sty"
Package: babel 2018/02/14 3.18 The Babel package

("C:\Program Files\MiKTeX 2.9\tex\generic\babel\switch.def"
File: switch.def 2018/02/14 3.18 Babel switching mechanism
)
*************************************
* Local config file bblopts.cfg used
*
("C:\Program Files\MiKTeX 2.9\tex\latex\arabi\bblopts.cfg"
File: bblopts.cfg 2005/09/08 v0.1 add Arabic and Farsi to "declared" options of
 babel
)
("C:\Program Files\MiKTeX 2.9\tex\latex\babel-english\english.ldf"
Language: english 2017/06/06 v3.3r English support from the babel system

("C:\Program Files\MiKTeX 2.9\tex\generic\babel\babel.def"
File: babel.def 2018/02/14 3.18 Babel common definitions
\babel@savecnt=\count99
\U@D=\dimen112

("C:\Program Files\MiKTeX 2.9\tex\generic\babel\txtbabel.def")
\bbl@dirlevel=\count100
)
\l@canadian = a dialect from \language\l@american 
\l@australian = a dialect from \language\l@british 
\l@newzealand = a dialect from \language\l@british 
)) (mike.cfg
("C:\Program Files\MiKTeX 2.9\tex\generic\tex4ht\tex4ht.4ht"
version 2017-05-09-09:21
--------------------------------------
--- Note --- for additional information, use the command line option `info'
--------------------------------------

::::::::::::::::::::::::::::::::::::::::::
 TeX4ht info is available in the log file 
::::::::::::::::::::::::::::::::::::::::::
--------------------------------------
--- Note --- For MathML on MSIE + MathPlayer use the command line option `mathp
layer'
--------------------------------------
) ("C:\Program Files\MiKTeX 2.9\tex\generic\tex4ht\tex4ht.sty"
version 2016-07-18-16:08

--- needs --- tex4ht stuff ---
\tmp:cnt=\count101
\openout15 = `stuff.tmp'.

(stuff.tmp)
\tmp:dim=\skip46
 (stuff.xref)
\:refout=\write3
\openout3 = `stuff.xref'.


("C:\Program Files\MiKTeX 2.9\tex\generic\tex4ht\html4.4ht"
version 2017-05-09-09:20
--------------------------------------
--- Note --- to remove the <?xml version=...?> processing instruction use the c
ommand line option `no-VERSION'
--------------------------------------
--------------------------------------
--- Note --- to remove the DOCTYPE declaration use the command line option `no-
DOCTYPE'
--------------------------------------
)
("C:\Program Files\MiKTeX 2.9\tex\generic\tex4ht\unicode.4ht"
version 2015-01-20-08:10
)
("C:\Program Files\MiKTeX 2.9\tex\generic\tex4ht\mathml.4ht"
version 2017-09-09-19:06
)
("C:\Program Files\MiKTeX 2.9\tex\generic\tex4ht\html-mml.4ht"
version 2017-09-09-19:06
)
("C:\Program Files\MiKTeX 2.9\tex\generic\tex4ht\html4-uni.4ht")
--------------------------------------
--- Note --- for marking of the base font, use the command line option `fonts+'

--------------------------------------
--------------------------------------
--- Note --- for non active _, use the command line option `no_'
--------------------------------------
--------------------------------------
--- Note --- for _ of catcode 13, use the command line option `_13'
--------------------------------------
--------------------------------------
--- Note --- for non active ^, use the command line option `no^'
--------------------------------------
--------------------------------------
--- Note --- for ^ of catcode 13, use the command line option `^13'
--------------------------------------

("C:\Program Files\MiKTeX 2.9\tex\generic\tex4ht\html4.4ht"
version 2017-05-09-09:20
--------------------------------------
--- Note --- to ignore CSS font decoration, use the `NoFonts' command line opti
on
--------------------------------------
--------------------------------------
--- Note --- for jpg bitmaps of pictures, use the `jpg' command line option. (C
haracter bitmaps are controled only by `g' records of tex4ht.env and `-g' switc
hes of tex4ht.c) 
--------------------------------------
--------------------------------------
--- Note --- for gif bitmaps of pictures, use the `gif' command line option. (C
haracter bitmaps are controled only by `g' records of tex4ht.env and `-g' switc
hes of tex4ht.c) 
--------------------------------------
--------------------------------------
--- Note --- for content and toc in 2 frames, use the command line option `fram
es'
--------------------------------------
--------------------------------------
--- Note --- for content, toc, and footnotes in 3 frames, use the command line 
option `frames-fn'
--------------------------------------
--------------------------------------
--- Note --- for file extension name xht, use the command line option `xht'
--------------------------------------
TeX4ht package options: charset=utf-8,html,xhtml,mathml
--------------------------------------
--- Note --- To print a timestamp, use the command line option timestamp
--------------------------------------
--------------------------------------
--- Note --- to ignore CSS code, use the command line option `-css
--------------------------------------
--------------------------------------
--- Note --- for inline CSS code, use the command line option `css-in'
--------------------------------------
--------------------------------------
--- Note --- for pop ups on mouse over, use the command line option `mouseover'

--------------------------------------
--------------------------------------
--- Note --- for addressing images in a subdirectory, use the command line opti
on `imgdir:.../'
--------------------------------------
)
("C:\Program Files\MiKTeX 2.9\tex\generic\tex4ht\unicode.4ht"
version 2015-01-20-08:10
)
("C:\Program Files\MiKTeX 2.9\tex\generic\tex4ht\mathml.4ht"
version 2017-09-09-19:06
)
("C:\Program Files\MiKTeX 2.9\tex\generic\tex4ht\html-mml.4ht"
version 2017-09-09-19:06
)
("C:\Program Files\MiKTeX 2.9\tex\generic\tex4ht\html4-uni.4ht")
\:tokwrite=\toks22
\:tokpage=\toks23
--------------------------------------
--- Note --- for back links to toc, use the command line option `sections+'
--------------------------------------
--------------------------------------
--- Note --- for linear crosslinks of pages, use the command line option `next'

--------------------------------------
\openout15 = `stuff.4ct'.

\:tocout=\write4
\openout4 = `stuff.4tc'.


("C:\Program Files\MiKTeX 2.9\tex\generic\tex4ht\html4.4ht"
version 2017-05-09-09:20
)
("C:\Program Files\MiKTeX 2.9\tex\generic\tex4ht\unicode.4ht"
version 2015-01-20-08:10
)
("C:\Program Files\MiKTeX 2.9\tex\generic\tex4ht\mathml.4ht"
version 2017-09-09-19:06
)
("C:\Program Files\MiKTeX 2.9\tex\generic\tex4ht\html-mml.4ht"
version 2017-09-09-19:06
)
("C:\Program Files\MiKTeX 2.9\tex\generic\tex4ht\html4-uni.4ht")
("C:\Program Files\MiKTeX 2.9\tex\generic\tex4ht\latex.4ht"
version 2017-01-24-15:21
LaTeX Info: Redefining \_ on input line 168.
--------------------------------------
--- Note --- for links into captions, instead of float heads, use the command l
ine option `refcaption'
--------------------------------------

("C:\Program Files\MiKTeX 2.9\tex\generic\tex4ht\html4.4ht"
version 2017-05-09-09:20
--------------------------------------
--- Note --- For mini tocs immediately aftter the header use the command line o
ption `minitoc<'
--------------------------------------
--------------------------------------
--- Note --- for enumerated list elements with valued data, use the command lin
e option `enumerate+'
--------------------------------------
--------------------------------------
--- Note --- for enumerated list elements li's with value attributes, use the c
ommand line option `enumerate-'
--------------------------------------
--------------------------------------
--- Note --- for CSS2 code, use the command line option `css2'
--------------------------------------
--------------------------------------
--- Note --- for pictorial tabular, use the command line option `pic-tabular'
--------------------------------------
--------------------------------------
--- Note --- for bitmap fbox'es, use the command line option `pic-fbox'
--------------------------------------
--------------------------------------
--- Note --- for bitmap framebox'es, use the command line option `pic-framebox'

--------------------------------------
--------------------------------------
--- Note --- for inline footnotes use command line option `fn-in'
--------------------------------------
--------------------------------------
--- Note --- for tracing of latex font commands, use the command line option `f
onts'
--------------------------------------
--------------------------------------
--- Note --- for width specifications of tabular p entries, use the `p-width' c
ommand line option or a configuration similar to \Configure{HColWidth}{\HCode{ 
style="width:\HColWidth"}}
--------------------------------------
)
("C:\Program Files\MiKTeX 2.9\tex\generic\tex4ht\unicode.4ht"
version 2015-01-20-08:10
)
("C:\Program Files\MiKTeX 2.9\tex\generic\tex4ht\mathml.4ht"
version 2017-09-09-19:06
)
("C:\Program Files\MiKTeX 2.9\tex\generic\tex4ht\html-mml.4ht"
version 2017-09-09-19:06
)
("C:\Program Files\MiKTeX 2.9\tex\generic\tex4ht\html4-uni.4ht"))
("C:\Program Files\MiKTeX 2.9\tex\generic\tex4ht\fontmath.4ht"
version 2009-05-21-09:32

("C:\Program Files\MiKTeX 2.9\tex\generic\tex4ht\html4.4ht"
version 2017-05-09-09:20
)
("C:\Program Files\MiKTeX 2.9\tex\generic\tex4ht\unicode.4ht"
version 2015-01-20-08:10
)
("C:\Program Files\MiKTeX 2.9\tex\generic\tex4ht\mathml.4ht"
version 2017-09-09-19:06
\tmp:bx=\box28
 [1

] [2] [3]
[4] [5] [6] [7] [8] [9] [10] [11] [12] [13] [14] [15] [16] [17] [18] [19]
[20] [21] [22] [23] [24] [25] [26] [27] [28] [29] [30] [31] [32] [33] [34]
[35] [36] [37] [38] [39] [40] [41] [42] [43] [44] [45] [46] [47] [48]
--------------------------------------
--- Note --- for sources failing to produce clean mathml code, try the command 
line option `mathml-'
--------------------------------------
 [49]
[50] [51] [52] [53])
("C:\Program Files\MiKTeX 2.9\tex\generic\tex4ht\html-mml.4ht"
version 2017-09-09-19:06
)
("C:\Program Files\MiKTeX 2.9\tex\generic\tex4ht\html4-uni.4ht"))
("C:\Program Files\MiKTeX 2.9\tex\generic\tex4ht\article.4ht"
version 2009-05-21-09:32

("C:\Program Files\MiKTeX 2.9\tex\generic\tex4ht\html4.4ht"
version 2017-05-09-09:20
--------------------------------------
--- Note --- for automatic sectioning pagination, use the command line option `
1', `2', `3', '4', '5', '6', or '7'
--------------------------------------
--------------------------------------
--- Note --- for files named derived from section titles, use the command line 
option `sec-filename'
--------------------------------------
--------------------------------------
--- Note --- for i-columns index, use the command line option `index=i' (e.g., 
index=2)
--------------------------------------
)
("C:\Program Files\MiKTeX 2.9\tex\generic\tex4ht\unicode.4ht"
version 2015-01-20-08:10
)
("C:\Program Files\MiKTeX 2.9\tex\generic\tex4ht\mathml.4ht"
version 2017-09-09-19:06
)
("C:\Program Files\MiKTeX 2.9\tex\generic\tex4ht\html-mml.4ht"
version 2017-09-09-19:06
)
("C:\Program Files\MiKTeX 2.9\tex\generic\tex4ht\html4-uni.4ht"))
("C:\Program Files\MiKTeX 2.9\tex\generic\tex4ht\inputenc.4ht"
version 2009-05-21-09:32

("C:\Program Files\MiKTeX 2.9\tex\generic\tex4ht\html4.4ht"
version 2017-05-09-09:20
)
("C:\Program Files\MiKTeX 2.9\tex\generic\tex4ht\unicode.4ht"
version 2015-01-20-08:10
)
("C:\Program Files\MiKTeX 2.9\tex\generic\tex4ht\mathml.4ht"
version 2017-09-09-19:06
)
("C:\Program Files\MiKTeX 2.9\tex\generic\tex4ht\html-mml.4ht"
version 2017-09-09-19:06
)
("C:\Program Files\MiKTeX 2.9\tex\generic\tex4ht\html4-uni.4ht"))
("C:\Program Files\MiKTeX 2.9\tex\generic\tex4ht\amsmath.4ht"
version 2009-05-21-09:32
\tmp:muskip=\muskip11

("C:\Program Files\MiKTeX 2.9\tex\generic\tex4ht\html4.4ht"
version 2017-05-09-09:20
)
("C:\Program Files\MiKTeX 2.9\tex\generic\tex4ht\unicode.4ht"
version 2015-01-20-08:10
)
("C:\Program Files\MiKTeX 2.9\tex\generic\tex4ht\mathml.4ht"
version 2017-09-09-19:06
)
("C:\Program Files\MiKTeX 2.9\tex\generic\tex4ht\html-mml.4ht"
version 2017-09-09-19:06
)
("C:\Program Files\MiKTeX 2.9\tex\generic\tex4ht\html4-uni.4ht"))
("C:\Program Files\MiKTeX 2.9\tex\generic\tex4ht\amstext.4ht"
version 2009-05-21-09:32

("C:\Program Files\MiKTeX 2.9\tex\generic\tex4ht\html4.4ht"
version 2017-05-09-09:20
)
("C:\Program Files\MiKTeX 2.9\tex\generic\tex4ht\unicode.4ht"
version 2015-01-20-08:10
)
("C:\Program Files\MiKTeX 2.9\tex\generic\tex4ht\mathml.4ht"
version 2017-09-09-19:06
)
("C:\Program Files\MiKTeX 2.9\tex\generic\tex4ht\html-mml.4ht"
version 2017-09-09-19:06
)
("C:\Program Files\MiKTeX 2.9\tex\generic\tex4ht\html4-uni.4ht"))
("C:\Program Files\MiKTeX 2.9\tex\generic\tex4ht\amsbsy.4ht"
version 2009-05-21-09:32

("C:\Program Files\MiKTeX 2.9\tex\generic\tex4ht\html4.4ht"
version 2017-05-09-09:20
)
("C:\Program Files\MiKTeX 2.9\tex\generic\tex4ht\unicode.4ht"
version 2015-01-20-08:10
)
("C:\Program Files\MiKTeX 2.9\tex\generic\tex4ht\mathml.4ht"
version 2017-09-09-19:06
)
("C:\Program Files\MiKTeX 2.9\tex\generic\tex4ht\html-mml.4ht"
version 2017-09-09-19:06
)
("C:\Program Files\MiKTeX 2.9\tex\generic\tex4ht\html4-uni.4ht"))
("C:\Program Files\MiKTeX 2.9\tex\generic\tex4ht\amsopn.4ht"
version 2009-05-21-09:32

("C:\Program Files\MiKTeX 2.9\tex\generic\tex4ht\html4.4ht"
version 2017-05-09-09:20
)
("C:\Program Files\MiKTeX 2.9\tex\generic\tex4ht\unicode.4ht"
version 2015-01-20-08:10
)
("C:\Program Files\MiKTeX 2.9\tex\generic\tex4ht\mathml.4ht"
version 2017-09-09-19:06
)
("C:\Program Files\MiKTeX 2.9\tex\generic\tex4ht\html-mml.4ht"
version 2017-09-09-19:06
)
("C:\Program Files\MiKTeX 2.9\tex\generic\tex4ht\html4-uni.4ht"))
("C:\Program Files\MiKTeX 2.9\tex\generic\tex4ht\babel.4ht"
version 2009-05-21-09:32

("C:\Program Files\MiKTeX 2.9\tex\generic\tex4ht\html4.4ht"
version 2017-05-09-09:20
)
("C:\Program Files\MiKTeX 2.9\tex\generic\tex4ht\unicode.4ht"
version 2015-01-20-08:10
)
("C:\Program Files\MiKTeX 2.9\tex\generic\tex4ht\mathml.4ht"
version 2017-09-09-19:06
)
("C:\Program Files\MiKTeX 2.9\tex\generic\tex4ht\html-mml.4ht"
version 2017-09-09-19:06
)
("C:\Program Files\MiKTeX 2.9\tex\generic\tex4ht\html4-uni.4ht"))
("C:\Program Files\MiKTeX 2.9\tex\generic\tex4ht\english.4ht"
version 2009-05-21-09:32

("C:\Program Files\MiKTeX 2.9\tex\generic\tex4ht\html4.4ht"
version 2017-05-09-09:20
)
("C:\Program Files\MiKTeX 2.9\tex\generic\tex4ht\unicode.4ht"
version 2015-01-20-08:10
)
("C:\Program Files\MiKTeX 2.9\tex\generic\tex4ht\mathml.4ht"
version 2017-09-09-19:06
)
("C:\Program Files\MiKTeX 2.9\tex\generic\tex4ht\html-mml.4ht"
version 2017-09-09-19:06
)
("C:\Program Files\MiKTeX 2.9\tex\generic\tex4ht\html4-uni.4ht"))
("C:\Program Files\MiKTeX 2.9\tex\generic\tex4ht\html4.4ht"
version 2017-05-09-09:20
)
("C:\Program Files\MiKTeX 2.9\tex\generic\tex4ht\unicode.4ht"
version 2015-01-20-08:10
)
("C:\Program Files\MiKTeX 2.9\tex\generic\tex4ht\mathml.4ht"
version 2017-09-09-19:06
)
("C:\Program Files\MiKTeX 2.9\tex\generic\tex4ht\html-mml.4ht"
version 2017-09-09-19:06
)
("C:\Program Files\MiKTeX 2.9\tex\generic\tex4ht\html4-uni.4ht")) (stuff.aux)
\openout1 = `stuff.aux'.

LaTeX Font Info:    Checking defaults for OML/cmm/m/it on input line 18.
LaTeX Font Info:    ... okay on input line 18.
LaTeX Font Info:    Checking defaults for T1/cmr/m/n on input line 18.
LaTeX Font Info:    ... okay on input line 18.
LaTeX Font Info:    Checking defaults for OT1/cmr/m/n on input line 18.
LaTeX Font Info:    ... okay on input line 18.
LaTeX Font Info:    Checking defaults for OMS/cmsy/m/n on input line 18.
LaTeX Font Info:    ... okay on input line 18.
LaTeX Font Info:    Checking defaults for OMX/cmex/m/n on input line 18.
LaTeX Font Info:    ... okay on input line 18.
LaTeX Font Info:    Checking defaults for U/cmr/m/n on input line 18.
LaTeX Font Info:    ... okay on input line 18.
--- file stuff.css ---
)
[1] (stuff.aux) ) 
Here is how much of TeX's memory you used:
 5957 strings out of 493306
 69903 string characters out of 3138903
 275027 words of memory out of 3000000
 9349 multiletter control sequences out of 15000+200000
 7614 words of font info for 26 fonts, out of 3000000 for 9000
 1141 hyphenation exceptions out of 8191
 35i,5n,34p,699b,465s stack positions out of 5000i,500n,10000p,200000b,50000s

Output written on stuff.dvi (54 pages, 26148 bytes).
